<?xml version="1.0" encoding="UTF-8"?>
<!-- Generated by org.testng.reporters.JUnitReportReporter -->
<testsuite hostname="DESKTOP-RSFFHJT" failures="0" tests="11" name="JAN_2022_01_31.DataTableTestNG" time="0.009" errors="0" timestamp="2022-02-03T11:18:04 EST" skipped="0">
  <testcase classname="JAN_2022_01_31.DataTableTestNG" name="Test_02" time="0.001"/>
  <system-out/>
  <testcase classname="JAN_2022_01_31.DataTableTestNG" name="Test_04" time="0.001"/>
  <system-out/>
  <testcase classname="JAN_2022_01_31.DataTableTestNG" name="Test_06" time="0.001"/>
  <system-out/>
  <testcase classname="JAN_2022_01_31.DataTableTestNG" name="Test_05" time="0.001"/>
  <system-out/>
  <testcase classname="JAN_2022_01_31.DataTableTestNG" name="Test_07" time="0.000"/>
  <system-out/>
  <testcase classname="JAN_2022_01_31.DataTableTestNG" name="Test_10" time="0.000"/>
  <system-out/>
  <testcase classname="JAN_2022_01_31.DataTableTestNG" name="Test_01" time="0.004"/>
  <system-out/>
  <testcase classname="JAN_2022_01_31.DataTableTestNG" name="Test_11" time="0.001"/>
  <system-out/>
  <testcase classname="JAN_2022_01_31.DataTableTestNG" name="Test_08" time="0.000"/>
  <system-out/>
  <testcase classname="JAN_2022_01_31.DataTableTestNG" name="Test_09" time="0.000"/>
  <system-out/>
  <testcase classname="JAN_2022_01_31.DataTableTestNG" name="Test_03" time="0.000"/>
  <system-out/>
</testsuite> <!-- JAN_2022_01_31.DataTableTestNG -->
