<?xml version="1.0" encoding="UTF-8"?>
<!-- Generated by org.testng.reporters.JUnitReportReporter -->
<testsuite hostname="DESKTOP-RSFFHJT" failures="0" tests="5" name="FEB_2022_02_09.TableTestNG" time="6.451" errors="0" timestamp="2022-02-10T01:06:13 EST" skipped="0">
  <testcase classname="FEB_2022_02_09.TableTestNG" name="Test_05" time="4.227"/>
  <system-out/>
  <testcase classname="FEB_2022_02_09.TableTestNG" name="Test_02" time="0.195"/>
  <system-out/>
  <testcase classname="FEB_2022_02_09.TableTestNG" name="Test_01" time="0.545"/>
  <system-out/>
  <testcase classname="FEB_2022_02_09.TableTestNG" name="Test_03" time="0.270"/>
  <system-out/>
  <testcase classname="FEB_2022_02_09.TableTestNG" name="Test_04" time="1.214"/>
  <system-out/>
</testsuite> <!-- FEB_2022_02_09.TableTestNG -->
