<?xml version="1.0" encoding="UTF-8"?>
<!-- Generated by org.testng.reporters.JUnitReportReporter -->
<testsuite hostname="DESKTOP-RSFFHJT" failures="0" tests="11" name="FEB_2022_02_09.TableTestNG" time="7.210" errors="0" timestamp="2022-02-10T23:29:51 EST" skipped="0">
  <testcase classname="FEB_2022_02_09.TableTestNG" name="Table_Equals" time="2.221"/>
  <system-out/>
  <testcase classname="FEB_2022_02_09.TableTestNG" name="Has_Same_Rows" time="0.546"/>
  <system-out/>
  <testcase classname="FEB_2022_02_09.TableTestNG" name="Same_Header_Data_Order" time="0.188"/>
  <system-out/>
  <testcase classname="FEB_2022_02_09.TableTestNG" name="Has_Num_Columns" time="0.208"/>
  <system-out/>
  <testcase classname="FEB_2022_02_09.TableTestNG" name="Test_Header_Data_Different" time="0.190"/>
  <system-out/>
  <testcase classname="FEB_2022_02_09.TableTestNG" name="Test_Missing_Data_Row" time="0.409"/>
  <system-out/>
  <testcase classname="FEB_2022_02_09.TableTestNG" name="Test_Table_Different_Data" time="0.595"/>
  <system-out/>
  <testcase classname="FEB_2022_02_09.TableTestNG" name="Row_Exist" time="0.817"/>
  <system-out/>
  <testcase classname="FEB_2022_02_09.TableTestNG" name="Test_Missing_Data_Row_2" time="1.232"/>
  <system-out/>
  <testcase classname="FEB_2022_02_09.TableTestNG" name="Test_Different_Order" time="0.617"/>
  <system-out/>
  <testcase classname="FEB_2022_02_09.TableTestNG" name="Test_Header_Order_Different" time="0.187"/>
  <system-out/>
</testsuite> <!-- FEB_2022_02_09.TableTestNG -->
