<?xml version="1.0" encoding="UTF-8"?>
<!-- Generated by org.testng.reporters.JUnitReportReporter -->
<testsuite hostname="DESKTOP-RSFFHJT" failures="0" tests="11" name="FEB_2022_02_09.TableTestNG" time="7.342" errors="0" timestamp="2022-02-10T22:57:52 EST" skipped="0">
  <testcase classname="FEB_2022_02_09.TableTestNG" name="Test_05" time="2.211"/>
  <system-out/>
  <testcase classname="FEB_2022_02_09.TableTestNG" name="Test_10" time="0.597"/>
  <system-out/>
  <testcase classname="FEB_2022_02_09.TableTestNG" name="Test_02" time="0.248"/>
  <system-out/>
  <testcase classname="FEB_2022_02_09.TableTestNG" name="Test_03" time="0.200"/>
  <system-out/>
  <testcase classname="FEB_2022_02_09.TableTestNG" name="Test_04" time="0.820"/>
  <system-out/>
  <testcase classname="FEB_2022_02_09.TableTestNG" name="Test_08" time="0.191"/>
  <system-out/>
  <testcase classname="FEB_2022_02_09.TableTestNG" name="Test_07" time="0.411"/>
  <system-out/>
  <testcase classname="FEB_2022_02_09.TableTestNG" name="Test_09" time="0.190"/>
  <system-out/>
  <testcase classname="FEB_2022_02_09.TableTestNG" name="Test_11" time="1.231"/>
  <system-out/>
  <testcase classname="FEB_2022_02_09.TableTestNG" name="Test_06" time="0.611"/>
  <system-out/>
  <testcase classname="FEB_2022_02_09.TableTestNG" name="Test_01" time="0.632"/>
  <system-out/>
</testsuite> <!-- FEB_2022_02_09.TableTestNG -->
